Using pre-set license
Built from '2022.3/staging' branch; Version is '2022.3.21f1 (bf09ca542b87) revision 12519882'; Using compiler version '192829333'; Build Type 'Release'
OS: 'Windows 11  (10.0.22631) 64bit Core' Language: 'en' Physical Memory: 32479 MB
BatchMode: 1, IsHumanControllingUs: 0, StartBugReporterOnCrash: 0, Is64bit: 1, IsPro: 1

COMMAND LINE ARGUMENTS:
C:\Program Files\Unity\Hub\Editor\2022.3.21f1\Editor\Unity.exe
-adb2
-batchMode
-noUpm
-name
AssetImportWorker1
-projectPath
C:/Users/pc_er/My project (3)
-logFile
Logs/AssetImportWorker1.log
-srvPort
55469
Successfully changed project path to: C:/Users/pc_er/My project (3)
C:/Users/pc_er/My project (3)
[UnityMemory] Configuration Parameters - Can be set up in boot.config
    "memorysetup-bucket-allocator-granularity=16"
    "memorysetup-bucket-allocator-bucket-count=8"
    "memorysetup-bucket-allocator-block-size=33554432"
    "memorysetup-bucket-allocator-block-count=8"
    "memorysetup-main-allocator-block-size=16777216"
    "memorysetup-thread-allocator-block-size=16777216"
    "memorysetup-gfx-main-allocator-block-size=16777216"
    "memorysetup-gfx-thread-allocator-block-size=16777216"
    "memorysetup-cache-allocator-block-size=4194304"
    "memorysetup-typetree-allocator-block-size=2097152"
    "memorysetup-profiler-bucket-allocator-granularity=16"
    "memorysetup-profiler-bucket-allocator-bucket-count=8"
    "memorysetup-profiler-bucket-allocator-block-size=33554432"
    "memorysetup-profiler-bucket-allocator-block-count=8"
    "memorysetup-profiler-allocator-block-size=16777216"
    "memorysetup-profiler-editor-allocator-block-size=1048576"
    "memorysetup-temp-allocator-size-main=16777216"
    "memorysetup-job-temp-allocator-block-size=2097152"
    "memorysetup-job-temp-allocator-block-size-background=1048576"
    "memorysetup-job-temp-allocator-reduction-small-platforms=262144"
    "memorysetup-allocator-temp-initial-block-size-main=262144"
    "memorysetup-allocator-temp-initial-block-size-worker=262144"
    "memorysetup-temp-allocator-size-background-worker=32768"
    "memorysetup-temp-allocator-size-job-worker=262144"
    "memorysetup-temp-allocator-size-preload-manager=33554432"
    "memorysetup-temp-allocator-size-nav-mesh-worker=65536"
    "memorysetup-temp-allocator-size-audio-worker=65536"
    "memorysetup-temp-allocator-size-cloud-worker=32768"
    "memorysetup-temp-allocator-size-gi-baking-worker=262144"
    "memorysetup-temp-allocator-size-gfx=262144"
Player connection [6416] Host "[IP] 192.168.68.51 [Port] 0 [Flags] 2 [Guid] 2005049582 [EditorId] 2005049582 [Version] 1048832 [Id] WindowsEditor(7,Erasmus) [Debug] 1 [PackageName] WindowsEditor [ProjectName] Editor" joined multi-casting on [225.0.0.222:54997]...

Player connection [6416] Host "[IP] 192.168.68.51 [Port] 0 [Flags] 2 [Guid] 2005049582 [EditorId] 2005049582 [Version] 1048832 [Id] WindowsEditor(7,Erasmus) [Debug] 1 [PackageName] WindowsEditor [ProjectName] Editor" joined alternative multi-casting on [225.0.0.222:34997]...

[Physics::Module] Initialized MultithreadedJobDispatcher with 11 workers.
Refreshing native plugins compatible for Editor in 8.90 ms, found 3 plugins.
Preloading 0 native plugins for Editor in 0.00 ms.
Initialize engine version: 2022.3.21f1 (bf09ca542b87)
[Subsystems] Discovering subsystems at path C:/Program Files/Unity/Hub/Editor/2022.3.21f1/Editor/Data/Resources/UnitySubsystems
[Subsystems] Discovering subsystems at path C:/Users/pc_er/My project (3)/Assets
GfxDevice: creating device client; threaded=0; jobified=0
Direct3D:
    Version:  Direct3D 11.0 [level 11.1]
    Renderer: NVIDIA GeForce RTX 2050 (ID=0x25a9)
    Vendor:   NVIDIA
    VRAM:     3980 MB
    Driver:   31.0.15.4626
Initialize mono
Mono path[0] = 'C:/Program Files/Unity/Hub/Editor/2022.3.21f1/Editor/Data/Managed'
Mono path[1] = 'C:/Program Files/Unity/Hub/Editor/2022.3.21f1/Editor/Data/MonoBleedingEdge/lib/mono/unityjit-win32'
Mono config path = 'C:/Program Files/Unity/Hub/Editor/2022.3.21f1/Editor/Data/MonoBleedingEdge/etc'
Using monoOptions --debugger-agent=transport=dt_socket,embedding=1,server=y,suspend=n,address=127.0.0.1:56464
Begin MonoManager ReloadAssembly
Registering precompiled unity dll's ...
Register platform support module: C:/Program Files/Unity/Hub/Editor/2022.3.21f1/Editor/Data/PlaybackEngines/WebGLSupport/UnityEditor.WebGL.Extensions.dll
Register platform support module: C:/Program Files/Unity/Hub/Editor/2022.3.21f1/Editor/Data/PlaybackEngines/WindowsStandaloneSupport/UnityEditor.WindowsStandalone.Extensions.dll
Registered in 0.009261 seconds.
- Loaded All Assemblies, in  0.445 seconds
Native extension for WindowsStandalone target not found
Native extension for WebGL target not found
Mono: successfully reloaded assembly
- Finished resetting the current domain, in  0.232 seconds
Domain Reload Profiling: 676ms
	BeginReloadAssembly (170ms)
		ExecutionOrderSort (0ms)
		DisableScriptedObjects (0ms)
		BackupInstance (0ms)
		ReleaseScriptingObjects (0ms)
		CreateAndSetChildDomain (1ms)
	RebuildCommonClasses (38ms)
	RebuildNativeTypeToScriptingClass (8ms)
	initialDomainReloadingComplete (57ms)
	LoadAllAssembliesAndSetupDomain (171ms)
		LoadAssemblies (169ms)
		RebuildTransferFunctionScriptingTraits (0ms)
		AnalyzeDomain (168ms)
			TypeCache.Refresh (167ms)
				TypeCache.ScanAssembly (149ms)
			ScanForSourceGeneratedMonoScriptInfo (0ms)
			ResolveRequiredComponents (0ms)
	FinalizeReload (232ms)
		ReleaseScriptCaches (0ms)
		RebuildScriptCaches (0ms)
		SetupLoadedEditorAssemblies (183ms)
			LogAssemblyErrors (0ms)
			InitializePlatformSupportModulesInManaged (8ms)
			SetLoadedEditorAssemblies (5ms)
			RefreshPlugins (0ms)
			BeforeProcessingInitializeOnLoad (2ms)
			ProcessInitializeOnLoadAttributes (117ms)
			ProcessInitializeOnLoadMethodAttributes (51ms)
			AfterProcessingInitializeOnLoad (0ms)
			EditorAssembliesLoaded (0ms)
		ExecutionOrderSort2 (0ms)
		AwakeInstancesAfterBackupRestoration (0ms)
========================================================================
Worker process is ready to serve import requests
Begin MonoManager ReloadAssembly
- Loaded All Assemblies, in  0.641 seconds
Refreshing native plugins compatible for Editor in 3.02 ms, found 3 plugins.
Native extension for WindowsStandalone target not found
Native extension for WebGL target not found
Package Manager log level set to [2]
[Package Manager] Server::EnsureServerProcessIsRunning -- launch failed, reason: Unity was launched with the -noUpm command-line argument
[Package Manager] UpmClient::Send -- Unable to send message (not connected to UPM process).
[Package Manager] Cannot connect to Unity Package Manager local server
Mono: successfully reloaded assembly
- Finished resetting the current domain, in  0.539 seconds
Domain Reload Profiling: 1177ms
	BeginReloadAssembly (157ms)
		ExecutionOrderSort (0ms)
		DisableScriptedObjects (4ms)
		BackupInstance (0ms)
		ReleaseScriptingObjects (0ms)
		CreateAndSetChildDomain (21ms)
	RebuildCommonClasses (33ms)
	RebuildNativeTypeToScriptingClass (10ms)
	initialDomainReloadingComplete (47ms)
	LoadAllAssembliesAndSetupDomain (391ms)
		LoadAssemblies (320ms)
		RebuildTransferFunctionScriptingTraits (0ms)
		AnalyzeDomain (163ms)
			TypeCache.Refresh (141ms)
				TypeCache.ScanAssembly (128ms)
			ScanForSourceGeneratedMonoScriptInfo (15ms)
			ResolveRequiredComponents (6ms)
	FinalizeReload (540ms)
		ReleaseScriptCaches (0ms)
		RebuildScriptCaches (0ms)
		SetupLoadedEditorAssemblies (394ms)
			LogAssemblyErrors (0ms)
			InitializePlatformSupportModulesInManaged (7ms)
			SetLoadedEditorAssemblies (3ms)
			RefreshPlugins (0ms)
			BeforeProcessingInitializeOnLoad (50ms)
			ProcessInitializeOnLoadAttributes (309ms)
			ProcessInitializeOnLoadMethodAttributes (17ms)
			AfterProcessingInitializeOnLoad (8ms)
			EditorAssembliesLoaded (0ms)
		ExecutionOrderSort2 (0ms)
		AwakeInstancesAfterBackupRestoration (6ms)
Launched and connected shader compiler UnityShaderCompiler.exe after 0.10 seconds
Refreshing native plugins compatible for Editor in 3.77 ms, found 3 plugins.
Preloading 0 native plugins for Editor in 0.00 ms.
Unloading 3214 Unused Serialized files (Serialized files now loaded: 0)
Unloading 34 unused Assets / (377.3 KB). Loaded Objects now: 3706.
Memory consumption went from 144.6 MB to 144.3 MB.
Total: 3.774600 ms (FindLiveObjects: 0.304300 ms CreateObjectMapping: 0.128300 ms MarkObjects: 2.885500 ms  DeleteObjects: 0.454400 ms)

AssetImportParameters requested are different than current active one (requested -> active):
  custom:container-demuxer-ogg: 62fdf1f143b41e24485cea50d1cbac27 -> 
  custom:video-codec-MediaFoundation-h265: 746d11721c4dcdbdad8f713fa42b33f4 -> 
  custom:video-decoder-ogg-theora: a1e56fd34408186e4bbccfd4996cb3dc -> 
  custom:framework-win-MediaFoundation: 216162199b28c13a410421893ffa2e32 -> 
  custom:CustomObjectIndexerAttribute: 9a22284fe3817be447336de3de66b15e -> 
  custom:container-demuxer-webm: 4f35f7cbe854078d1ac9338744f61a02 -> 
  custom:container-muxer-webm: aa71ff27fc2769a1b78a27578f13a17b -> 
  custom:video-decoder-webm-vp8: 9c59270c3fd7afecdb556c50c9e8de78 -> 
  custom:SearchIndexIgnoredProperties: e643bd26f0fe6173181afceb89e7c659 -> 
  custom:AudioImporter_EditorPlatform: d09bf68614088b80899f8185d706f6e7 -> 
  custom:video-encoder-webm-vp8: eb34c28f22e8b96e1ab97ce403110664 -> 
  custom:audio-decoder-ogg-vorbis: bf7c407c2cedff20999df2af8eb42d56 -> 
  custom:audio-encoder-webm-vorbis: bf7c407c2cedff20999df2af8eb42d56 -> 
========================================================================
Received Import Request.
  Time since last request: 424974.160713 seconds.
  path: Assets/Versatile Studio Assets/Demo City By Versatile Studio/Scenes/demo_city_night.unity
  artifactKey: Guid(3dd6985d248a2724291b46a30456112a) Importer(815301076,1909f56bfc062723c751e8b465ee728b)
Start importing Assets/Versatile Studio Assets/Demo City By Versatile Studio/Scenes/demo_city_night.unity using Guid(3dd6985d248a2724291b46a30456112a) Importer(815301076,1909f56bfc062723c751e8b465ee728b)  -> (artifact id: 'a4ed11659c04bf401785e3541045a21d') in 0.003168 seconds
Number of updated asset objects reloaded before import = 0
Number of asset objects unloaded after import = 0
========================================================================
Received Import Request.
  Time since last request: 1.006310 seconds.
  path: Assets/Versatile Studio Assets/Demo City By Versatile Studio/Scenes/demo_city_night/Lightmap-0_comp_light.exr
  artifactKey: Guid(9ecaa742c0dee3b41ae5d137db157332) Importer(815301076,1909f56bfc062723c751e8b465ee728b)
Start importing Assets/Versatile Studio Assets/Demo City By Versatile Studio/Scenes/demo_city_night/Lightmap-0_comp_light.exr using Guid(9ecaa742c0dee3b41ae5d137db157332) Importer(815301076,1909f56bfc062723c751e8b465ee728b)  -> (artifact id: '7f7829815f088d21bdfe1ca1a7376716') in 0.255615 seconds
Number of updated asset objects reloaded before import = 0
Number of asset objects unloaded after import = 2
========================================================================
Received Import Request.
  Time since last request: 0.000032 seconds.
  path: Assets/Versatile Studio Assets/Demo City By Versatile Studio/Scenes/demo_city_night/Lightmap-6_comp_light.exr
  artifactKey: Guid(c0c91a9589f60cb4d9ea4496da0d98b3) Importer(815301076,1909f56bfc062723c751e8b465ee728b)
Start importing Assets/Versatile Studio Assets/Demo City By Versatile Studio/Scenes/demo_city_night/Lightmap-6_comp_light.exr using Guid(c0c91a9589f60cb4d9ea4496da0d98b3) Importer(815301076,1909f56bfc062723c751e8b465ee728b)  -> (artifact id: '5a81b02f7337e4b2343779f1e9cf032c') in 0.063097 seconds
Number of updated asset objects reloaded before import = 0
Number of asset objects unloaded after import = 2
========================================================================
Received Import Request.
  Time since last request: 0.000039 seconds.
  path: Assets/Versatile Studio Assets/Demo City By Versatile Studio/Scenes/demo_city_night/OcclusionCullingData.asset
  artifactKey: Guid(a88c2f2cca199624db19d78b0a471501) Importer(815301076,1909f56bfc062723c751e8b465ee728b)
Start importing Assets/Versatile Studio Assets/Demo City By Versatile Studio/Scenes/demo_city_night/OcclusionCullingData.asset using Guid(a88c2f2cca199624db19d78b0a471501) Importer(815301076,1909f56bfc062723c751e8b465ee728b)  -> (artifact id: 'dc9fab06de428605d489a0efc5b0250a') in 0.113377 seconds
Number of updated asset objects reloaded before import = 0
Number of asset objects unloaded after import = 1
========================================================================
Received Import Request.
  Time since last request: 0.000026 seconds.
  path: Assets/Versatile Studio Assets/Demo City By Versatile Studio/Scenes/demo_city_night/Lightmap-5_comp_light.exr
  artifactKey: Guid(fc85e0fad1e72ab4ba3e72761baacec4) Importer(815301076,1909f56bfc062723c751e8b465ee728b)
Start importing Assets/Versatile Studio Assets/Demo City By Versatile Studio/Scenes/demo_city_night/Lightmap-5_comp_light.exr using Guid(fc85e0fad1e72ab4ba3e72761baacec4) Importer(815301076,1909f56bfc062723c751e8b465ee728b)  -> (artifact id: '43e5ca32f8ab81e625b4235f6b57ab7d') in 0.048813 seconds
Number of updated asset objects reloaded before import = 0
Number of asset objects unloaded after import = 2
========================================================================
Received Import Request.
  Time since last request: 0.000018 seconds.
  path: Assets/Versatile Studio Assets/Demo City By Versatile Studio/Scenes/demo_city_night/ReflectionProbe-11.png
  artifactKey: Guid(fc38d6b701798844bb7dd7a95c0afb03) Importer(815301076,1909f56bfc062723c751e8b465ee728b)
Start importing Assets/Versatile Studio Assets/Demo City By Versatile Studio/Scenes/demo_city_night/ReflectionProbe-11.png using Guid(fc38d6b701798844bb7dd7a95c0afb03) Importer(815301076,1909f56bfc062723c751e8b465ee728b)  -> (artifact id: '519927900e6b92c6ba4443789ac21aa7') in 0.044536 seconds
Number of updated asset objects reloaded before import = 0
Number of asset objects unloaded after import = 1
========================================================================
Received Import Request.
  Time since last request: 0.000044 seconds.
  path: Assets/Versatile Studio Assets/Demo City By Versatile Studio/Scenes/demo_city_night/ReflectionProbe-6.png
  artifactKey: Guid(1a0bab7143c6ac04497ead708e204e56) Importer(815301076,1909f56bfc062723c751e8b465ee728b)
Start importing Assets/Versatile Studio Assets/Demo City By Versatile Studio/Scenes/demo_city_night/ReflectionProbe-6.png using Guid(1a0bab7143c6ac04497ead708e204e56) Importer(815301076,1909f56bfc062723c751e8b465ee728b)  -> (artifact id: '0e7dee9087c2db8240de8cf7697900b4') in 0.017147 seconds
Number of updated asset objects reloaded before import = 0
Number of asset objects unloaded after import = 1
========================================================================
Received Import Request.
  Time since last request: 0.000031 seconds.
  path: Assets/Versatile Studio Assets/Demo City By Versatile Studio/Scenes/demo_city_night/Lightmap-7_comp_light.exr
  artifactKey: Guid(45abaebf87d8ad24cbf98876e6ecdd2f) Importer(815301076,1909f56bfc062723c751e8b465ee728b)
Start importing Assets/Versatile Studio Assets/Demo City By Versatile Studio/Scenes/demo_city_night/Lightmap-7_comp_light.exr using Guid(45abaebf87d8ad24cbf98876e6ecdd2f) Importer(815301076,1909f56bfc062723c751e8b465ee728b)  -> (artifact id: '0eff4dc6f9733d237026c89dec8e1743') in 0.057760 seconds
Number of updated asset objects reloaded before import = 0
Number of asset objects unloaded after import = 2
========================================================================
Received Import Request.
  Time since last request: 0.000022 seconds.
  path: Assets/Versatile Studio Assets/Demo City By Versatile Studio/Scenes/demo_city_night/ReflectionProbe-8.png
  artifactKey: Guid(ad9a4cd607991ce44a392cd3a4de9398) Importer(815301076,1909f56bfc062723c751e8b465ee728b)
Start importing Assets/Versatile Studio Assets/Demo City By Versatile Studio/Scenes/demo_city_night/ReflectionProbe-8.png using Guid(ad9a4cd607991ce44a392cd3a4de9398) Importer(815301076,1909f56bfc062723c751e8b465ee728b)  -> (artifact id: '2ffbaf830c9c6d27ea045a08b92dacb7') in 0.018129 seconds
Number of updated asset objects reloaded before import = 0
Number of asset objects unloaded after import = 1
========================================================================
Received Import Request.
  Time since last request: 0.000022 seconds.
  path: Assets/Versatile Studio Assets/Demo City By Versatile Studio/Scenes/demo_city_night/Lightmap-9_comp_light.exr
  artifactKey: Guid(5b9dc01bcc3dd784f862f0970ac13fb9) Importer(815301076,1909f56bfc062723c751e8b465ee728b)
Start importing Assets/Versatile Studio Assets/Demo City By Versatile Studio/Scenes/demo_city_night/Lightmap-9_comp_light.exr using Guid(5b9dc01bcc3dd784f862f0970ac13fb9) Importer(815301076,1909f56bfc062723c751e8b465ee728b)  -> (artifact id: '5d5485f71f2e156727ee6f62dad0a8b8') in 0.053416 seconds
Number of updated asset objects reloaded before import = 0
Number of asset objects unloaded after import = 2
========================================================================
Received Import Request.
  Time since last request: 0.000029 seconds.
  path: Assets/Versatile Studio Assets/Demo City By Versatile Studio/Scenes/demo_city_night/Lightmap-11_comp_light.exr
  artifactKey: Guid(a9e47dd43de461745b4874f4a41b2e73) Importer(815301076,1909f56bfc062723c751e8b465ee728b)
Start importing Assets/Versatile Studio Assets/Demo City By Versatile Studio/Scenes/demo_city_night/Lightmap-11_comp_light.exr using Guid(a9e47dd43de461745b4874f4a41b2e73) Importer(815301076,1909f56bfc062723c751e8b465ee728b)  -> (artifact id: '29925e4ac2ed0e8d0ebae52617529f69') in 0.049831 seconds
Number of updated asset objects reloaded before import = 0
Number of asset objects unloaded after import = 2
========================================================================
Received Import Request.
  Time since last request: 0.000028 seconds.
  path: Assets/Versatile Studio Assets/Demo City By Versatile Studio/Scenes/demo_city_night/ReflectionProbe-9.png
  artifactKey: Guid(c8f94b384e3a3fe458ed103015b68a0e) Importer(815301076,1909f56bfc062723c751e8b465ee728b)
Start importing Assets/Versatile Studio Assets/Demo City By Versatile Studio/Scenes/demo_city_night/ReflectionProbe-9.png using Guid(c8f94b384e3a3fe458ed103015b68a0e) Importer(815301076,1909f56bfc062723c751e8b465ee728b)  -> (artifact id: '8927168b7d51edd3e9b94748f60144d9') in 0.020868 seconds
Number of updated asset objects reloaded before import = 0
Number of asset objects unloaded after import = 1
========================================================================
Received Prepare
Begin MonoManager ReloadAssembly
- Loaded All Assemblies, in  0.539 seconds
Refreshing native plugins compatible for Editor in 2.89 ms, found 3 plugins.
Native extension for WindowsStandalone target not found
Native extension for WebGL target not found
[Package Manager] Server::EnsureServerProcessIsRunning -- launch failed, reason: Unity was launched with the -noUpm command-line argument
[Package Manager] UpmClient::Send -- Unable to send message (not connected to UPM process).
[Package Manager] Cannot connect to Unity Package Manager local server
Mono: successfully reloaded assembly
- Finished resetting the current domain, in  1.972 seconds
Domain Reload Profiling: 2508ms
	BeginReloadAssembly (174ms)
		ExecutionOrderSort (0ms)
		DisableScriptedObjects (4ms)
		BackupInstance (0ms)
		ReleaseScriptingObjects (0ms)
		CreateAndSetChildDomain (31ms)
	RebuildCommonClasses (38ms)
	RebuildNativeTypeToScriptingClass (14ms)
	initialDomainReloadingComplete (38ms)
	LoadAllAssembliesAndSetupDomain (271ms)
		LoadAssemblies (366ms)
		RebuildTransferFunctionScriptingTraits (0ms)
		AnalyzeDomain (11ms)
			TypeCache.Refresh (5ms)
				TypeCache.ScanAssembly (0ms)
			ScanForSourceGeneratedMonoScriptInfo (0ms)
			ResolveRequiredComponents (4ms)
	FinalizeReload (1973ms)
		ReleaseScriptCaches (0ms)
		RebuildScriptCaches (0ms)
		SetupLoadedEditorAssemblies (643ms)
			LogAssemblyErrors (0ms)
			InitializePlatformSupportModulesInManaged (17ms)
			SetLoadedEditorAssemblies (7ms)
			RefreshPlugins (0ms)
			BeforeProcessingInitializeOnLoad (116ms)
			ProcessInitializeOnLoadAttributes (453ms)
			ProcessInitializeOnLoadMethodAttributes (35ms)
			AfterProcessingInitializeOnLoad (14ms)
			EditorAssembliesLoaded (0ms)
		ExecutionOrderSort2 (0ms)
		AwakeInstancesAfterBackupRestoration (14ms)
Refreshing native plugins compatible for Editor in 8.30 ms, found 3 plugins.
Preloading 0 native plugins for Editor in 0.00 ms.
Unloading 3188 Unused Serialized files (Serialized files now loaded: 0)
Unloading 25 unused Assets / (381.8 KB). Loaded Objects now: 3745.
Memory consumption went from 145.9 MB to 145.5 MB.
Total: 4.234800 ms (FindLiveObjects: 0.378900 ms CreateObjectMapping: 0.165700 ms MarkObjects: 3.369700 ms  DeleteObjects: 0.318800 ms)

Prepare: number of updated asset objects reloaded= 0
AssetImportParameters requested are different than current active one (requested -> active):
  custom:container-demuxer-ogg: 62fdf1f143b41e24485cea50d1cbac27 -> 
  custom:video-codec-MediaFoundation-h265: 746d11721c4dcdbdad8f713fa42b33f4 -> 
  custom:video-decoder-ogg-theora: a1e56fd34408186e4bbccfd4996cb3dc -> 
  custom:framework-win-MediaFoundation: 216162199b28c13a410421893ffa2e32 -> 
  custom:CustomObjectIndexerAttribute: 9a22284fe3817be447336de3de66b15e -> 
  custom:container-demuxer-webm: 4f35f7cbe854078d1ac9338744f61a02 -> 
  custom:container-muxer-webm: aa71ff27fc2769a1b78a27578f13a17b -> 
  custom:video-decoder-webm-vp8: 9c59270c3fd7afecdb556c50c9e8de78 -> 
  custom:SearchIndexIgnoredProperties: e643bd26f0fe6173181afceb89e7c659 -> 
  custom:AudioImporter_EditorPlatform: d09bf68614088b80899f8185d706f6e7 -> 
  custom:video-encoder-webm-vp8: eb34c28f22e8b96e1ab97ce403110664 -> 
  custom:audio-decoder-ogg-vorbis: bf7c407c2cedff20999df2af8eb42d56 -> 
  custom:audio-encoder-webm-vorbis: bf7c407c2cedff20999df2af8eb42d56 -> 
Editor requested this worker to shutdown with reason: Scaling down because of idle timeout
TcpMessagingSession - receive error: operation aborted. errorcode: 995, details: The I/O operation has been aborted because of either a thread exit or an application request.
AssetImportWorker is now disconnected from the server
Process exiting
Exiting without the bug reporter. Application will terminate with return code 0